<?xml version="1.0" encoding="UTF-8"?>
<testng-results ignored="0" total="1" passed="1" failed="0" skipped="0">
  <reporter-output>
  </reporter-output>
  <suite started-at="2021-10-22T01:14:16 EET" name="Surefire suite" finished-at="2021-10-22T01:14:24 EET" duration-ms="7269">
    <groups>
    </groups>
    <test started-at="2021-10-22T01:14:16 EET" name="Surefire test" finished-at="2021-10-22T01:14:24 EET" duration-ms="7269">
      <class name="MavenTest.MavenFirstProject.LoginTest">
        <test-method signature="login()[pri:0, instance:MavenTest.MavenFirstProject.LoginTest@609cd4d8]" started-at="2021-10-22T01:14:16 EET" name="login" finished-at="2021-10-22T01:14:24 EET" duration-ms="7215" status="PASS">
          <reporter-output>
          </reporter-output>
        </test-method> <!-- login -->
      </class> <!-- MavenTest.MavenFirstProject.LoginTest -->
    </test> <!-- Surefire test -->
  </suite> <!-- Surefire suite -->
</testng-results>
