<?xml version="1.0" encoding="UTF-8"?>
<testng-results ignored="0" total="1" passed="1" failed="0" skipped="0">
  <reporter-output>
  </reporter-output>
  <suite started-at="2021-10-20T05:51:57 EET" name="Surefire suite" finished-at="2021-10-20T05:52:13 EET" duration-ms="16061">
    <groups>
    </groups>
    <test started-at="2021-10-20T05:51:57 EET" name="Surefire test" finished-at="2021-10-20T05:52:13 EET" duration-ms="16061">
      <class name="MavenTest.MavenFirstProject.LoginTest">
        <test-method signature="login()[pri:0, instance:MavenTest.MavenFirstProject.LoginTest@515c6049]" started-at="2021-10-20T05:51:57 EET" name="login" finished-at="2021-10-20T05:52:13 EET" duration-ms="15971" status="PASS">
          <reporter-output>
          </reporter-output>
        </test-method> <!-- login -->
      </class> <!-- MavenTest.MavenFirstProject.LoginTest -->
    </test> <!-- Surefire test -->
  </suite> <!-- Surefire suite -->
</testng-results>
