<?xml version="1.0" encoding="UTF-8"?>
<testng-results ignored="0" total="1" passed="1" failed="0" skipped="0">
  <reporter-output>
  </reporter-output>
  <suite started-at="2021-10-20T05:58:52 EET" name="Default suite" finished-at="2021-10-20T05:59:15 EET" duration-ms="22788">
    <groups>
    </groups>
    <test started-at="2021-10-20T05:58:52 EET" name="Default test" finished-at="2021-10-20T05:59:15 EET" duration-ms="22788">
      <class name="MavenTest.MavenFirstProject.LoginTest">
        <test-method signature="login()[pri:0, instance:MavenTest.MavenFirstProject.LoginTest@34f7cfd9]" started-at="2021-10-20T05:58:52 EET" name="login" finished-at="2021-10-20T05:59:15 EET" duration-ms="22718" status="PASS">
          <reporter-output>
          </reporter-output>
        </test-method> <!-- login -->
      </class> <!-- MavenTest.MavenFirstProject.LoginTest -->
    </test> <!-- Default test -->
  </suite> <!-- Default suite -->
</testng-results>
